#
# There is insufficient memory for the Java Runtime Environment to continue.
# Native memory allocation (malloc) failed to allocate 989136 bytes for Chunk::new
# Possible reasons:
#   The system is out of physical RAM or swap space
#   The process is running with CompressedOops enabled, and the Java Heap may be blocking the growth of the native heap
# Possible solutions:
#   Reduce memory load on the system
#   Increase physical memory or swap space
#   Check if swap backing store is full
#   Decrease Java heap size (-Xmx/-Xms)
#   Decrease number of Java threads
#   Decrease Java thread stack sizes (-Xss)
#   Set larger code cache with -XX:ReservedCodeCacheSize=
#   JVM is running with Zero Based Compressed Oops mode in which the Java heap is
#     placed in the first 32GB address space. The Java Heap base address is the
#     maximum limit for the native heap growth. Please use -XX:HeapBaseMinAddress
#     to set the Java Heap base and to place the Java Heap above 32GB virtual address.
# This output file may be truncated or incomplete.
#
#  Out of Memory Error (t:/workspace/open/src/hotspot/share/memory/arena.cpp:196), pid=11204, tid=19012
#
# JRE version: Java(TM) SE Runtime Environment (13.0.1+9) (build 13.0.1+9)
# Java VM: Java HotSpot(TM) 64-Bit Server VM (13.0.1+9, mixed mode, sharing, tiered, compressed oops, g1 gc, windows-amd64)
# No core dump will be written. Minidumps are not enabled by default on client versions of Windows
#

---------------  S U M M A R Y ------------

Command Line: -javaagent:C:\Program Files\JetBrains\IntelliJ IDEA Community Edition 2019.2.4\lib\idea_rt.jar=58483:C:\Program Files\JetBrains\IntelliJ IDEA Community Edition 2019.2.4\bin -Dfile.encoding=UTF-8 intra.poleemploi.FillingDataBaseMain

Host: Intel(R) Core(TM) i7-8565U CPU @ 1.80GHz, 8 cores, 15G,  Windows 10 , 64 bit Build 17134 (10.0.17134.753)
Time: Thu Jan 16 10:24:23 2020 Paris, Madrid elapsed time: 21 seconds (0d 0h 0m 21s)

---------------  T H R E A D  ---------------

Current thread (0x00000231e35b0800):  JavaThread "C2 CompilerThread0" daemon [_thread_in_native, id=19012, stack(0x000000bc80100000,0x000000bc80200000)]


Current CompileTask:
C2:  21074 5706       4       org.springframework.core.annotation.TypeMappedAnnotations$MergedAnnotationFinder::doWithAnnotations (10 bytes)

Stack: [0x000000bc80100000,0x000000bc80200000]
Native frames: (J=compiled Java code, j=interpreted, Vv=VM code, C=native code)
V  [jvm.dll+0x626eca]
V  [jvm.dll+0x772c6a]
V  [jvm.dll+0x77441f]
V  [jvm.dll+0x774a23]
V  [jvm.dll+0x24da58]
V  [jvm.dll+0xc3ae7]
V  [jvm.dll+0xc406c]
V  [jvm.dll+0x2bfa84]
V  [jvm.dll+0x545e6d]
V  [jvm.dll+0x20fb86]
V  [jvm.dll+0x20921d]
V  [jvm.dll+0x2069bd]
V  [jvm.dll+0x18b94c]
V  [jvm.dll+0x2159bd]
V  [jvm.dll+0x213e6b]
V  [jvm.dll+0x738b16]
V  [jvm.dll+0x731c0a]
V  [jvm.dll+0x6260c6]
C  [ucrtbase.dll+0x1e3fe]
C  [KERNEL32.DLL+0x14034]
C  [ntdll.dll+0x73691]


---------------  P R O C E S S  ---------------

Threads class SMR info:
_java_thread_list=0x00000231ea38c8e0, length=16, elements={
0x00000231bfaa9800, 0x00000231bf3ad000, 0x00000231bf3ae800, 0x00000231e35ab000,
0x00000231e35ac000, 0x00000231e35b0800, 0x00000231e3623000, 0x00000231e3625000,
0x00000231e3667800, 0x00000231e4196000, 0x00000231e4197000, 0x00000231e6dc2800,
0x00000231e45f1800, 0x00000231e68c7800, 0x00000231e68c8000, 0x00000231e9057800
}

Java Threads: ( => current thread )
  0x00000231bfaa9800 JavaThread "main" [_thread_in_native, id=5012, stack(0x000000bcff600000,0x000000bcff700000)]
  0x00000231bf3ad000 JavaThread "Reference Handler" daemon [_thread_blocked, id=15008, stack(0x000000bcffd00000,0x000000bcffe00000)]
  0x00000231bf3ae800 JavaThread "Finalizer" daemon [_thread_blocked, id=15820, stack(0x000000bcffe00000,0x000000bcfff00000)]
  0x00000231e35ab000 JavaThread "Signal Dispatcher" daemon [_thread_blocked, id=16508, stack(0x000000bcfff00000,0x000000bd00000000)]
  0x00000231e35ac000 JavaThread "Attach Listener" daemon [_thread_blocked, id=18696, stack(0x000000bc80000000,0x000000bc80100000)]
=>0x00000231e35b0800 JavaThread "C2 CompilerThread0" daemon [_thread_in_native, id=19012, stack(0x000000bc80100000,0x000000bc80200000)]
  0x00000231e3623000 JavaThread "C1 CompilerThread0" daemon [_thread_blocked, id=13684, stack(0x000000bc80200000,0x000000bc80300000)]
  0x00000231e3625000 JavaThread "Sweeper thread" daemon [_thread_blocked, id=4544, stack(0x000000bc80300000,0x000000bc80400000)]
  0x00000231e3667800 JavaThread "Common-Cleaner" daemon [_thread_blocked, id=13012, stack(0x000000bc80400000,0x000000bc80500000)]
  0x00000231e4196000 JavaThread "Monitor Ctrl-Break" daemon [_thread_in_native, id=12996, stack(0x000000bc80500000,0x000000bc80600000)]
  0x00000231e4197000 JavaThread "Service Thread" daemon [_thread_blocked, id=15340, stack(0x000000bc80600000,0x000000bc80700000)]
  0x00000231e6dc2800 JavaThread "Catalina-utility-1" [_thread_blocked, id=2900, stack(0x000000bc80e00000,0x000000bc80f00000)]
  0x00000231e45f1800 JavaThread "Catalina-utility-2" [_thread_blocked, id=20460, stack(0x000000bc80f00000,0x000000bc81000000)]
  0x00000231e68c7800 JavaThread "container-0" [_thread_blocked, id=15860, stack(0x000000bc81000000,0x000000bc81100000)]
  0x00000231e68c8000 JavaThread "mysql-cj-abandoned-connection-cleanup" daemon [_thread_blocked, id=15748, stack(0x000000bc81100000,0x000000bc81200000)]
  0x00000231e9057800 JavaThread "HikariPool-1 housekeeper" daemon [_thread_blocked, id=17076, stack(0x000000bc81500000,0x000000bc81600000)]

Other Threads:
  0x00000231bf3aa800 VMThread "VM Thread" [stack: 0x000000bcffc00000,0x000000bcffd00000] [id=17200]
  0x00000231e44ba000 WatcherThread [stack: 0x000000bc80700000,0x000000bc80800000] [id=15540]
  0x00000231bfaae000 GCTaskThread "GC Thread#0" [stack: 0x000000bcff700000,0x000000bcff800000] [id=9424]
  0x00000231e4b6f800 GCTaskThread "GC Thread#1" [stack: 0x000000bc80900000,0x000000bc80a00000] [id=12988]
  0x00000231e4b70000 GCTaskThread "GC Thread#2" [stack: 0x000000bc80a00000,0x000000bc80b00000] [id=11628]
  0x00000231e4b70800 GCTaskThread "GC Thread#3" [stack: 0x000000bc80b00000,0x000000bc80c00000] [id=2280]
  0x00000231e4b71800 GCTaskThread "GC Thread#4" [stack: 0x000000bc80c00000,0x000000bc80d00000] [id=1912]
  0x00000231e4b72000 GCTaskThread "GC Thread#5" [stack: 0x000000bc80d00000,0x000000bc80e00000] [id=2692]
  0x00000231e6edf000 GCTaskThread "GC Thread#6" [stack: 0x000000bc81200000,0x000000bc81300000] [id=15424]
  0x00000231e823c800 GCTaskThread "GC Thread#7" [stack: 0x000000bc81300000,0x000000bc81400000] [id=11712]
  0x00000231bf23a800 ConcurrentGCThread "G1 Main Marker" [stack: 0x000000bcff800000,0x000000bcff900000] [id=4988]
  0x00000231bf23f800 ConcurrentGCThread "G1 Conc#0" [stack: 0x000000bcff900000,0x000000bcffa00000] [id=20788]
  0x00000231e6bfa000 ConcurrentGCThread "G1 Conc#1" [stack: 0x000000bc80800000,0x000000bc80900000] [id=20856]
  0x00000231bf35f000 ConcurrentGCThread "G1 Refine#0" [stack: 0x000000bcffa00000,0x000000bcffb00000] [id=9660]
  0x00000231bf360800 ConcurrentGCThread "G1 Young RemSet Sampling" [stack: 0x000000bcffb00000,0x000000bcffc00000] [id=2564]

Threads with active compile tasks:
C2 CompilerThread0    21530 5706       4       org.springframework.core.annotation.TypeMappedAnnotations$MergedAnnotationFinder::doWithAnnotations (10 bytes)

VM state:not at safepoint (normal execution)

VM Mutex/Monitor currently owned by a thread: None

Heap address: 0x0000000704600000, size: 4026 MB, Compressed Oops mode: Zero based, Oop shift amount: 3
Narrow klass base: 0x0000000800000000, Narrow klass shift: 3
Compressed class space size: 1073741824 Address: 0x0000000800b40000

Heap:
 garbage-first heap   total 126976K, used 75307K [0x0000000704600000, 0x0000000800000000)
  region size 1024K, 46 young (47104K), 8 survivors (8192K)
 Metaspace       used 62546K, capacity 64146K, committed 64256K, reserved 1103872K
  class space    used 8308K, capacity 8941K, committed 8960K, reserved 1048576K
Heap Regions: E=young(eden), S=young(survivor), O=old, HS=humongous(starts), HC=humongous(continues), CS=collection set, F=free, A=archive, TAMS=top-at-mark-start (previous, next)
|   0|0x0000000704600000, 0x0000000704700000, 0x0000000704700000|100%|HS|  |TAMS 0x0000000704700000, 0x0000000704600000| Complete 
|   1|0x0000000704700000, 0x0000000704800000, 0x0000000704800000|100%|HS|  |TAMS 0x0000000704800000, 0x0000000704700000| Complete 
|   2|0x0000000704800000, 0x0000000704900000, 0x0000000704900000|100%| O|  |TAMS 0x0000000704900000, 0x0000000704800000| Untracked 
|   3|0x0000000704900000, 0x0000000704a00000, 0x0000000704a00000|100%| O|  |TAMS 0x0000000704a00000, 0x0000000704900000| Untracked 
|   4|0x0000000704a00000, 0x0000000704b00000, 0x0000000704b00000|100%| O|  |TAMS 0x0000000704b00000, 0x0000000704a00000| Untracked 
|   5|0x0000000704b00000, 0x0000000704bd9800, 0x0000000704c00000| 84%| O|  |TAMS 0x0000000704bd9800, 0x0000000704b00000| Untracked 
|   6|0x0000000704c00000, 0x0000000704d00000, 0x0000000704d00000|100%| O|  |TAMS 0x0000000704d00000, 0x0000000704c00000| Untracked 
|   7|0x0000000704d00000, 0x0000000704e00000, 0x0000000704e00000|100%| O|  |TAMS 0x0000000704e00000, 0x0000000704d00000| Untracked 
|   8|0x0000000704e00000, 0x0000000704f00000, 0x0000000704f00000|100%| O|  |TAMS 0x0000000704f00000, 0x0000000704e00000| Untracked 
|   9|0x0000000704f00000, 0x0000000705000000, 0x0000000705000000|100%| O|  |TAMS 0x0000000705000000, 0x0000000704f00000| Untracked 
|  10|0x0000000705000000, 0x0000000705100000, 0x0000000705100000|100%| O|  |TAMS 0x0000000705100000, 0x0000000705000000| Untracked 
|  11|0x0000000705100000, 0x0000000705200000, 0x0000000705200000|100%| O|  |TAMS 0x0000000705200000, 0x0000000705100000| Untracked 
|  12|0x0000000705200000, 0x0000000705300000, 0x0000000705300000|100%| O|  |TAMS 0x0000000705300000, 0x0000000705200000| Untracked 
|  13|0x0000000705300000, 0x0000000705400000, 0x0000000705400000|100%| O|  |TAMS 0x0000000705400000, 0x0000000705300000| Untracked 
|  14|0x0000000705400000, 0x0000000705500000, 0x0000000705500000|100%| O|  |TAMS 0x0000000705500000, 0x0000000705400000| Untracked 
|  15|0x0000000705500000, 0x0000000705600000, 0x0000000705600000|100%| O|  |TAMS 0x0000000705600000, 0x0000000705500000| Untracked 
|  16|0x0000000705600000, 0x0000000705700000, 0x0000000705700000|100%| O|  |TAMS 0x0000000705700000, 0x0000000705600000| Untracked 
|  17|0x0000000705700000, 0x0000000705800000, 0x0000000705800000|100%| O|  |TAMS 0x0000000705800000, 0x0000000705700000| Untracked 
|  18|0x0000000705800000, 0x0000000705900000, 0x0000000705900000|100%| O|  |TAMS 0x0000000705900000, 0x0000000705800000| Untracked 
|  19|0x0000000705900000, 0x0000000705a00000, 0x0000000705a00000|100%| O|  |TAMS 0x0000000705a00000, 0x0000000705900000| Untracked 
|  20|0x0000000705a00000, 0x0000000705b00000, 0x0000000705b00000|100%| O|  |TAMS 0x0000000705b00000, 0x0000000705a00000| Untracked 
|  21|0x0000000705b00000, 0x0000000705c00000, 0x0000000705c00000|100%| O|  |TAMS 0x0000000705c00000, 0x0000000705b00000| Untracked 
|  22|0x0000000705c00000, 0x0000000705d00000, 0x0000000705d00000|100%| O|  |TAMS 0x0000000705d00000, 0x0000000705c00000| Untracked 
|  23|0x0000000705d00000, 0x0000000705e00000, 0x0000000705e00000|100%| O|  |TAMS 0x0000000705e00000, 0x0000000705d00000| Untracked 
|  24|0x0000000705e00000, 0x0000000705f00000, 0x0000000705f00000|100%| O|  |TAMS 0x0000000705f00000, 0x0000000705e00000| Untracked 
|  25|0x0000000705f00000, 0x0000000706000000, 0x0000000706000000|100%| O|  |TAMS 0x0000000706000000, 0x0000000705f00000| Untracked 
|  26|0x0000000706000000, 0x0000000706100000, 0x0000000706100000|100%| O|  |TAMS 0x0000000706100000, 0x0000000706000000| Untracked 
|  27|0x0000000706100000, 0x0000000706200000, 0x0000000706200000|100%| O|  |TAMS 0x0000000706200000, 0x0000000706100000| Untracked 
|  28|0x0000000706200000, 0x00000007062b1400, 0x0000000706300000| 69%| O|  |TAMS 0x00000007062b1400, 0x0000000706200000| Untracked 
|  29|0x0000000706300000, 0x0000000706300000, 0x0000000706400000|  0%| F|  |TAMS 0x0000000706300000, 0x0000000706300000| Untracked 
|  30|0x0000000706400000, 0x0000000706400000, 0x0000000706500000|  0%| F|  |TAMS 0x0000000706400000, 0x0000000706400000| Untracked 
|  31|0x0000000706500000, 0x0000000706500000, 0x0000000706600000|  0%| F|  |TAMS 0x0000000706500000, 0x0000000706500000| Untracked 
|  32|0x0000000706600000, 0x0000000706600000, 0x0000000706700000|  0%| F|  |TAMS 0x0000000706600000, 0x0000000706600000| Untracked 
|  33|0x0000000706700000, 0x0000000706700000, 0x0000000706800000|  0%| F|  |TAMS 0x0000000706700000, 0x0000000706700000| Untracked 
|  34|0x0000000706800000, 0x0000000706800000, 0x0000000706900000|  0%| F|  |TAMS 0x0000000706800000, 0x0000000706800000| Untracked 
|  35|0x0000000706900000, 0x0000000706900000, 0x0000000706a00000|  0%| F|  |TAMS 0x0000000706900000, 0x0000000706900000| Untracked 
|  36|0x0000000706a00000, 0x0000000706a00000, 0x0000000706b00000|  0%| F|  |TAMS 0x0000000706a00000, 0x0000000706a00000| Untracked 
|  37|0x0000000706b00000, 0x0000000706b00000, 0x0000000706c00000|  0%| F|  |TAMS 0x0000000706b00000, 0x0000000706b00000| Untracked 
|  38|0x0000000706c00000, 0x0000000706c00000, 0x0000000706d00000|  0%| F|  |TAMS 0x0000000706c00000, 0x0000000706c00000| Untracked 
|  39|0x0000000706d00000, 0x0000000706d00000, 0x0000000706e00000|  0%| F|  |TAMS 0x0000000706d00000, 0x0000000706d00000| Untracked 
|  40|0x0000000706e00000, 0x0000000706e00000, 0x0000000706f00000|  0%| F|  |TAMS 0x0000000706e00000, 0x0000000706e00000| Untracked 
|  41|0x0000000706f00000, 0x0000000706f00000, 0x0000000707000000|  0%| F|  |TAMS 0x0000000706f00000, 0x0000000706f00000| Untracked 
|  42|0x0000000707000000, 0x0000000707000000, 0x0000000707100000|  0%| F|  |TAMS 0x0000000707000000, 0x0000000707000000| Untracked 
|  43|0x0000000707100000, 0x0000000707100000, 0x0000000707200000|  0%| F|  |TAMS 0x0000000707100000, 0x0000000707100000| Untracked 
|  44|0x0000000707200000, 0x0000000707200000, 0x0000000707300000|  0%| F|  |TAMS 0x0000000707200000, 0x0000000707200000| Untracked 
|  45|0x0000000707300000, 0x0000000707300000, 0x0000000707400000|  0%| F|  |TAMS 0x0000000707300000, 0x0000000707300000| Untracked 
|  46|0x0000000707400000, 0x0000000707400000, 0x0000000707500000|  0%| F|  |TAMS 0x0000000707400000, 0x0000000707400000| Untracked 
|  47|0x0000000707500000, 0x0000000707500000, 0x0000000707600000|  0%| F|  |TAMS 0x0000000707500000, 0x0000000707500000| Untracked 
|  48|0x0000000707600000, 0x0000000707700000, 0x0000000707700000|100%| S|CS|TAMS 0x0000000707600000, 0x0000000707600000| Complete 
|  49|0x0000000707700000, 0x0000000707800000, 0x0000000707800000|100%| S|CS|TAMS 0x0000000707700000, 0x0000000707700000| Complete 
|  50|0x0000000707800000, 0x0000000707900000, 0x0000000707900000|100%| S|CS|TAMS 0x0000000707800000, 0x0000000707800000| Complete 
|  51|0x0000000707900000, 0x0000000707a00000, 0x0000000707a00000|100%| S|CS|TAMS 0x0000000707900000, 0x0000000707900000| Complete 
|  52|0x0000000707a00000, 0x0000000707b00000, 0x0000000707b00000|100%| S|CS|TAMS 0x0000000707a00000, 0x0000000707a00000| Complete 
|  53|0x0000000707b00000, 0x0000000707c00000, 0x0000000707c00000|100%| S|CS|TAMS 0x0000000707b00000, 0x0000000707b00000| Complete 
|  54|0x0000000707c00000, 0x0000000707d00000, 0x0000000707d00000|100%| S|CS|TAMS 0x0000000707c00000, 0x0000000707c00000| Complete 
|  55|0x0000000707d00000, 0x0000000707e00000, 0x0000000707e00000|100%| S|CS|TAMS 0x0000000707d00000, 0x0000000707d00000| Complete 
|  56|0x0000000707e00000, 0x0000000707e00000, 0x0000000707f00000|  0%| F|  |TAMS 0x0000000707e00000, 0x0000000707e00000| Untracked 
|  57|0x0000000707f00000, 0x0000000707f00000, 0x0000000708000000|  0%| F|  |TAMS 0x0000000707f00000, 0x0000000707f00000| Untracked 
|  58|0x0000000708000000, 0x0000000708000000, 0x0000000708100000|  0%| F|  |TAMS 0x0000000708000000, 0x0000000708000000| Untracked 
|  59|0x0000000708100000, 0x0000000708100000, 0x0000000708200000|  0%| F|  |TAMS 0x0000000708100000, 0x0000000708100000| Untracked 
|  60|0x0000000708200000, 0x0000000708200000, 0x0000000708300000|  0%| F|  |TAMS 0x0000000708200000, 0x0000000708200000| Untracked 
|  61|0x0000000708300000, 0x0000000708300000, 0x0000000708400000|  0%| F|  |TAMS 0x0000000708300000, 0x0000000708300000| Untracked 
|  62|0x0000000708400000, 0x0000000708400000, 0x0000000708500000|  0%| F|  |TAMS 0x0000000708400000, 0x0000000708400000| Untracked 
|  63|0x0000000708500000, 0x0000000708500000, 0x0000000708600000|  0%| F|  |TAMS 0x0000000708500000, 0x0000000708500000| Untracked 
|  64|0x0000000708600000, 0x0000000708600000, 0x0000000708700000|  0%| F|  |TAMS 0x0000000708600000, 0x0000000708600000| Untracked 
|  65|0x0000000708700000, 0x0000000708700000, 0x0000000708800000|  0%| F|  |TAMS 0x0000000708700000, 0x0000000708700000| Untracked 
|  66|0x0000000708800000, 0x0000000708800000, 0x0000000708900000|  0%| F|  |TAMS 0x0000000708800000, 0x0000000708800000| Untracked 
|  67|0x0000000708900000, 0x0000000708900000, 0x0000000708a00000|  0%| F|  |TAMS 0x0000000708900000, 0x0000000708900000| Untracked 
|  68|0x0000000708a00000, 0x0000000708a00000, 0x0000000708b00000|  0%| F|  |TAMS 0x0000000708a00000, 0x0000000708a00000| Untracked 
|  69|0x0000000708b00000, 0x0000000708b00000, 0x0000000708c00000|  0%| F|  |TAMS 0x0000000708b00000, 0x0000000708b00000| Untracked 
|  70|0x0000000708c00000, 0x0000000708c00000, 0x0000000708d00000|  0%| F|  |TAMS 0x0000000708c00000, 0x0000000708c00000| Untracked 
|  71|0x0000000708d00000, 0x0000000708d00000, 0x0000000708e00000|  0%| F|  |TAMS 0x0000000708d00000, 0x0000000708d00000| Untracked 
|  72|0x0000000708e00000, 0x0000000708e00000, 0x0000000708f00000|  0%| F|  |TAMS 0x0000000708e00000, 0x0000000708e00000| Untracked 
|  73|0x0000000708f00000, 0x0000000708f00000, 0x0000000709000000|  0%| F|  |TAMS 0x0000000708f00000, 0x0000000708f00000| Untracked 
|  74|0x0000000709000000, 0x0000000709000000, 0x0000000709100000|  0%| F|  |TAMS 0x0000000709000000, 0x0000000709000000| Untracked 
|  75|0x0000000709100000, 0x0000000709100000, 0x0000000709200000|  0%| F|  |TAMS 0x0000000709100000, 0x0000000709100000| Untracked 
|  76|0x0000000709200000, 0x0000000709200000, 0x0000000709300000|  0%| F|  |TAMS 0x0000000709200000, 0x0000000709200000| Untracked 
|  77|0x0000000709300000, 0x0000000709300000, 0x0000000709400000|  0%| F|  |TAMS 0x0000000709300000, 0x0000000709300000| Untracked 
|  78|0x0000000709400000, 0x0000000709400000, 0x0000000709500000|  0%| F|  |TAMS 0x0000000709400000, 0x0000000709400000| Untracked 
|  79|0x0000000709500000, 0x0000000709500000, 0x0000000709600000|  0%| F|  |TAMS 0x0000000709500000, 0x0000000709500000| Untracked 
|  80|0x0000000709600000, 0x0000000709600000, 0x0000000709700000|  0%| F|  |TAMS 0x0000000709600000, 0x0000000709600000| Untracked 
|  81|0x0000000709700000, 0x0000000709700000, 0x0000000709800000|  0%| F|  |TAMS 0x0000000709700000, 0x0000000709700000| Untracked 
|  82|0x0000000709800000, 0x0000000709800000, 0x0000000709900000|  0%| F|  |TAMS 0x0000000709800000, 0x0000000709800000| Untracked 
|  83|0x0000000709900000, 0x0000000709900000, 0x0000000709a00000|  0%| F|  |TAMS 0x0000000709900000, 0x0000000709900000| Untracked 
|  84|0x0000000709a00000, 0x0000000709a00000, 0x0000000709b00000|  0%| F|  |TAMS 0x0000000709a00000, 0x0000000709a00000| Untracked 
|  85|0x0000000709b00000, 0x0000000709b00000, 0x0000000709c00000|  0%| F|  |TAMS 0x0000000709b00000, 0x0000000709b00000| Untracked 
|  86|0x0000000709c00000, 0x0000000709d00000, 0x0000000709d00000|100%| E|  |TAMS 0x0000000709c00000, 0x0000000709c00000| Complete 
|  87|0x0000000709d00000, 0x0000000709e00000, 0x0000000709e00000|100%| E|CS|TAMS 0x0000000709d00000, 0x0000000709d00000| Complete 
|  88|0x0000000709e00000, 0x0000000709f00000, 0x0000000709f00000|100%| E|CS|TAMS 0x0000000709e00000, 0x0000000709e00000| Complete 
|  89|0x0000000709f00000, 0x000000070a000000, 0x000000070a000000|100%| E|CS|TAMS 0x0000000709f00000, 0x0000000709f00000| Complete 
|  90|0x000000070a000000, 0x000000070a100000, 0x000000070a100000|100%| E|CS|TAMS 0x000000070a000000, 0x000000070a000000| Complete 
|  91|0x000000070a100000, 0x000000070a200000, 0x000000070a200000|100%| E|CS|TAMS 0x000000070a100000, 0x000000070a100000| Complete 
|  92|0x000000070a200000, 0x000000070a300000, 0x000000070a300000|100%| E|CS|TAMS 0x000000070a200000, 0x000000070a200000| Complete 
|  93|0x000000070a300000, 0x000000070a400000, 0x000000070a400000|100%| E|CS|TAMS 0x000000070a300000, 0x000000070a300000| Complete 
|  94|0x000000070a400000, 0x000000070a500000, 0x000000070a500000|100%| E|CS|TAMS 0x000000070a400000, 0x000000070a400000| Complete 
|  95|0x000000070a500000, 0x000000070a600000, 0x000000070a600000|100%| E|CS|TAMS 0x000000070a500000, 0x000000070a500000| Complete 
|  96|0x000000070a600000, 0x000000070a700000, 0x000000070a700000|100%| E|CS|TAMS 0x000000070a600000, 0x000000070a600000| Complete 
|  97|0x000000070a700000, 0x000000070a800000, 0x000000070a800000|100%| E|CS|TAMS 0x000000070a700000, 0x000000070a700000| Complete 
|  98|0x000000070a800000, 0x000000070a900000, 0x000000070a900000|100%| E|CS|TAMS 0x000000070a800000, 0x000000070a800000| Complete 
|  99|0x000000070a900000, 0x000000070aa00000, 0x000000070aa00000|100%| E|CS|TAMS 0x000000070a900000, 0x000000070a900000| Complete 
| 100|0x000000070aa00000, 0x000000070ab00000, 0x000000070ab00000|100%| E|CS|TAMS 0x000000070aa00000, 0x000000070aa00000| Complete 
| 101|0x000000070ab00000, 0x000000070ac00000, 0x000000070ac00000|100%| E|CS|TAMS 0x000000070ab00000, 0x000000070ab00000| Complete 
| 102|0x000000070ac00000, 0x000000070ad00000, 0x000000070ad00000|100%| E|CS|TAMS 0x000000070ac00000, 0x000000070ac00000| Complete 
| 103|0x000000070ad00000, 0x000000070ae00000, 0x000000070ae00000|100%| E|CS|TAMS 0x000000070ad00000, 0x000000070ad00000| Complete 
| 104|0x000000070ae00000, 0x000000070af00000, 0x000000070af00000|100%| E|CS|TAMS 0x000000070ae00000, 0x000000070ae00000| Complete 
| 105|0x000000070af00000, 0x000000070b000000, 0x000000070b000000|100%| E|CS|TAMS 0x000000070af00000, 0x000000070af00000| Complete 
| 106|0x000000070b000000, 0x000000070b100000, 0x000000070b100000|100%| E|CS|TAMS 0x000000070b000000, 0x000000070b000000| Complete 
| 107|0x000000070b100000, 0x000000070b200000, 0x000000070b200000|100%| E|CS|TAMS 0x000000070b100000, 0x000000070b100000| Complete 
| 108|0x000000070b200000, 0x000000070b300000, 0x000000070b300000|100%| E|CS|TAMS 0x000000070b200000, 0x000000070b200000| Complete 
| 109|0x000000070b300000, 0x000000070b400000, 0x000000070b400000|100%| E|CS|TAMS 0x000000070b300000, 0x000000070b300000| Complete 
| 110|0x000000070b400000, 0x000000070b500000, 0x000000070b500000|100%| E|CS|TAMS 0x000000070b400000, 0x000000070b400000| Complete 
| 111|0x000000070b500000, 0x000000070b600000, 0x000000070b600000|100%| E|CS|TAMS 0x000000070b500000, 0x000000070b500000| Complete 
| 112|0x000000070b600000, 0x000000070b700000, 0x000000070b700000|100%| E|CS|TAMS 0x000000070b600000, 0x000000070b600000| Complete 
| 113|0x000000070b700000, 0x000000070b800000, 0x000000070b800000|100%| E|CS|TAMS 0x000000070b700000, 0x000000070b700000| Complete 
| 114|0x000000070b800000, 0x000000070b900000, 0x000000070b900000|100%| E|CS|TAMS 0x000000070b800000, 0x000000070b800000| Complete 
| 115|0x000000070b900000, 0x000000070ba00000, 0x000000070ba00000|100%| E|CS|TAMS 0x000000070b900000, 0x000000070b900000| Complete 
| 123|0x000000070c100000, 0x000000070c200000, 0x000000070c200000|100%| E|CS|TAMS 0x000000070c100000, 0x000000070c100000| Complete 
| 124|0x000000070c200000, 0x000000070c300000, 0x000000070c300000|100%| E|CS|TAMS 0x000000070c200000, 0x000000070c200000| Complete 
| 125|0x000000070c300000, 0x000000070c400000, 0x000000070c400000|100%| E|CS|TAMS 0x000000070c300000, 0x000000070c300000| Complete 
| 126|0x000000070c400000, 0x000000070c500000, 0x000000070c500000|100%| E|CS|TAMS 0x000000070c400000, 0x000000070c400000| Complete 
| 127|0x000000070c500000, 0x000000070c600000, 0x000000070c600000|100%| E|CS|TAMS 0x000000070c500000, 0x000000070c500000| Complete 
| 202|0x0000000711000000, 0x0000000711100000, 0x0000000711100000|100%| E|CS|TAMS 0x0000000711000000, 0x0000000711000000| Complete 
| 203|0x0000000711100000, 0x0000000711200000, 0x0000000711200000|100%| E|CS|TAMS 0x0000000711100000, 0x0000000711100000| Complete 
| 251|0x0000000714100000, 0x0000000714200000, 0x0000000714200000|100%| E|CS|TAMS 0x0000000714100000, 0x0000000714100000| Complete 

Card table byte_map: [0x00000231d7d20000,0x00000231d8500000] _byte_map_base: 0x00000231d44fd000

Marking Bits (Prev, Next): (CMBitMap*) 0x00000231bf21a918, (CMBitMap*) 0x00000231bf21a8d8
 Prev Bits: [0x00000231dcbd0000, 0x00000231e0ab8000)
 Next Bits: [0x00000231d8ce0000, 0x00000231dcbc8000)

Polling page: 0x00000231bf3b0000

Metaspace:

Usage:
  Non-class:     53.91 MB capacity,    52.97 MB ( 98%) used,   764.00 KB (  1%) free+waste,   203.00 KB ( <1%) overhead. 
      Class:      8.73 MB capacity,     8.11 MB ( 93%) used,   538.55 KB (  6%) free+waste,    94.25 KB (  1%) overhead. 
       Both:     62.64 MB capacity,    61.08 MB ( 98%) used,     1.27 MB (  2%) free+waste,   297.25 KB ( <1%) overhead. 

Virtual space:
  Non-class space:       54.00 MB reserved,      54.00 MB (100%) committed 
      Class space:        1.00 GB reserved,       8.75 MB ( <1%) committed 
             Both:        1.05 GB reserved,      62.75 MB (  6%) committed 

Chunk freelists:
   Non-Class:  27.00 KB
       Class:  19.00 KB
        Both:  46.00 KB

MaxMetaspaceSize: 17179869184.00 GB
CompressedClassSpaceSize: 1.00 GB

CodeHeap 'non-profiled nmethods': size=120000Kb used=2938Kb max_used=2938Kb free=117061Kb
 bounds [0x00000231cf9b0000, 0x00000231cfc90000, 0x00000231d6ee0000]
CodeHeap 'profiled nmethods': size=120000Kb used=13935Kb max_used=13935Kb free=106064Kb
 bounds [0x00000231c8480000, 0x00000231c9220000, 0x00000231cf9b0000]
CodeHeap 'non-nmethods': size=5760Kb used=1337Kb max_used=1395Kb free=4422Kb
 bounds [0x00000231c7ee0000, 0x00000231c8150000, 0x00000231c8480000]
 total_blobs=8542 nmethods=6138 adapters=534
 compilation: enabled
              stopped_count=0, restarted_count=0
 full_count=0

Compilation events (20 events):
Event: 21.028 Thread 0x00000231e3623000 6491       2       org.springframework.context.annotation.ConfigurationClassPostProcessor$ImportAwareBeanPostProcessor::postProcessBeforeInitialization (58 bytes)
Event: 21.030 Thread 0x00000231e3623000 nmethod 6491 0x00000231c91db290 code [0x00000231c91db500, 0x00000231c91dbc70]
Event: 21.030 Thread 0x00000231e3623000 6492       2       org.springframework.util.MimeType::hashCode (38 bytes)
Event: 21.030 Thread 0x00000231e3623000 nmethod 6492 0x00000231c91dc010 code [0x00000231c91dc1e0, 0x00000231c91dc410]
Event: 21.032 Thread 0x00000231e3623000 6493       2       org.springframework.boot.context.properties.ConfigurationPropertiesBean::findAnnotation (90 bytes)
Event: 21.032 Thread 0x00000231e3623000 nmethod 6493 0x00000231c91dc510 code [0x00000231c91dc7a0, 0x00000231c91dcf10]
Event: 21.040 Thread 0x00000231e3623000 6494       2       org.springframework.transaction.annotation.AnnotationTransactionAttributeSource::isCandidateClass (46 bytes)
Event: 21.040 Thread 0x00000231e3623000 nmethod 6494 0x00000231c91dd290 code [0x00000231c91dd480, 0x00000231c91dd7a0]
Event: 21.040 Thread 0x00000231e3623000 6495       2       org.springframework.transaction.annotation.SpringTransactionAnnotationParser::isCandidateClass (7 bytes)
Event: 21.041 Thread 0x00000231e3623000 nmethod 6495 0x00000231c91dd910 code [0x00000231c91ddae0, 0x00000231c91dddc0]
Event: 21.056 Thread 0x00000231e3623000 6497       2       org.springframework.aop.framework.autoproxy.AbstractAdvisorAutoProxyCreator::getAdvicesAndAdvisorsForBean (30 bytes)
Event: 21.056 Thread 0x00000231e3623000 nmethod 6497 0x00000231c91ddf90 code [0x00000231c91de160, 0x00000231c91de370]
Event: 21.056 Thread 0x00000231e3623000 6498       2       org.springframework.aop.framework.autoproxy.AbstractAdvisorAutoProxyCreator::findEligibleAdvisors (41 bytes)
Event: 21.057 Thread 0x00000231e3623000 nmethod 6498 0x00000231c91de490 code [0x00000231c91de6c0, 0x00000231c91deab0]
Event: 21.057 Thread 0x00000231e3623000 6499       2       org.springframework.aop.aspectj.autoproxy.AspectJAwareAdvisorAutoProxyCreator::extendAdvisors (6 bytes)
Event: 21.057 Thread 0x00000231e3623000 nmethod 6499 0x00000231c91dee10 code [0x00000231c91defc0, 0x00000231c91df150]
Event: 21.057 Thread 0x00000231e3623000 6500       2       org.springframework.aop.aspectj.AspectJProxyUtils::makeAdvisorChainAspectJCapableIfNecessary (82 bytes)
Event: 21.058 Thread 0x00000231e3623000 nmethod 6500 0x00000231c91df210 code [0x00000231c91df420, 0x00000231c91df7b0]
Event: 21.058 Thread 0x00000231e3623000 6501       2       java.util.Collections$SingletonList::get (41 bytes)
Event: 21.060 Thread 0x00000231e3623000 nmethod 6501 0x00000231c91df990 code [0x00000231c91dfba0, 0x00000231c91e00b0]

GC Heap History (20 events):
Event: 9.811 GC heap before
{Heap before GC invocations=7 (full 0):
 garbage-first heap   total 51200K, used 37522K [0x0000000704600000, 0x0000000800000000)
  region size 1024K, 23 young (23552K), 3 survivors (3072K)
 Metaspace       used 30445K, capacity 31411K, committed 31616K, reserved 1077248K
  class space    used 3827K, capacity 4214K, committed 4224K, reserved 1048576K
}
Event: 9.820 GC heap after
{Heap after GC invocations=8 (full 0):
 garbage-first heap   total 51200K, used 19788K [0x0000000704600000, 0x0000000800000000)
  region size 1024K, 2 young (2048K), 2 survivors (2048K)
 Metaspace       used 30445K, capacity 31411K, committed 31616K, reserved 1077248K
  class space    used 3827K, capacity 4214K, committed 4224K, reserved 1048576K
}
Event: 9.827 GC heap before
{Heap before GC invocations=8 (full 0):
 garbage-first heap   total 51200K, used 38220K [0x0000000704600000, 0x0000000800000000)
  region size 1024K, 21 young (21504K), 2 survivors (2048K)
 Metaspace       used 30445K, capacity 31411K, committed 31616K, reserved 1077248K
  class space    used 3827K, capacity 4214K, committed 4224K, reserved 1048576K
}
Event: 9.831 GC heap after
{Heap after GC invocations=9 (full 0):
 garbage-first heap   total 51200K, used 19521K [0x0000000704600000, 0x0000000800000000)
  region size 1024K, 2 young (2048K), 2 survivors (2048K)
 Metaspace       used 30445K, capacity 31411K, committed 31616K, reserved 1077248K
  class space    used 3827K, capacity 4214K, committed 4224K, reserved 1048576K
}
Event: 10.265 GC heap before
{Heap before GC invocations=9 (full 0):
 garbage-first heap   total 51200K, used 38977K [0x0000000704600000, 0x0000000800000000)
  region size 1024K, 22 young (22528K), 2 survivors (2048K)
 Metaspace       used 30739K, capacity 31673K, committed 31872K, reserved 1077248K
  class space    used 3856K, capacity 4216K, committed 4224K, reserved 1048576K
}
Event: 10.270 GC heap after
{Heap after GC invocations=10 (full 0):
 garbage-first heap   total 51200K, used 19459K [0x0000000704600000, 0x0000000800000000)
  region size 1024K, 2 young (2048K), 2 survivors (2048K)
 Metaspace       used 30739K, capacity 31673K, committed 31872K, reserved 1077248K
  class space    used 3856K, capacity 4216K, committed 4224K, reserved 1048576K
}
Event: 11.170 GC heap before
{Heap before GC invocations=10 (full 0):
 garbage-first heap   total 51200K, used 39939K [0x0000000704600000, 0x0000000800000000)
  region size 1024K, 22 young (22528K), 2 survivors (2048K)
 Metaspace       used 32195K, capacity 33207K, committed 33408K, reserved 1079296K
  class space    used 4031K, capacity 4406K, committed 4480K, reserved 1048576K
}
Event: 11.180 GC heap after
{Heap after GC invocations=11 (full 0):
 garbage-first heap   total 51200K, used 20682K [0x0000000704600000, 0x0000000800000000)
  region size 1024K, 3 young (3072K), 3 survivors (3072K)
 Metaspace       used 32195K, capacity 33207K, committed 33408K, reserved 1079296K
  class space    used 4031K, capacity 4406K, committed 4480K, reserved 1048576K
}
Event: 11.638 GC heap before
{Heap before GC invocations=11 (full 0):
 garbage-first heap   total 51200K, used 29898K [0x0000000704600000, 0x0000000800000000)
  region size 1024K, 13 young (13312K), 3 survivors (3072K)
 Metaspace       used 34479K, capacity 35420K, committed 35584K, reserved 1079296K
  class space    used 4386K, capacity 4760K, committed 4864K, reserved 1048576K
}
Event: 11.645 GC heap after
{Heap after GC invocations=12 (full 0):
 garbage-first heap   total 51200K, used 21226K [0x0000000704600000, 0x0000000800000000)
  region size 1024K, 2 young (2048K), 2 survivors (2048K)
 Metaspace       used 34479K, capacity 35420K, committed 35584K, reserved 1079296K
  class space    used 4386K, capacity 4760K, committed 4864K, reserved 1048576K
}
Event: 12.607 GC heap before
{Heap before GC invocations=13 (full 0):
 garbage-first heap   total 51200K, used 39658K [0x0000000704600000, 0x0000000800000000)
  region size 1024K, 20 young (20480K), 2 survivors (2048K)
 Metaspace       used 38620K, capacity 39665K, committed 39808K, reserved 1083392K
  class space    used 5036K, capacity 5428K, committed 5504K, reserved 1048576K
}
Event: 12.615 GC heap after
{Heap after GC invocations=14 (full 0):
 garbage-first heap   total 154624K, used 22079K [0x0000000704600000, 0x0000000800000000)
  region size 1024K, 2 young (2048K), 2 survivors (2048K)
 Metaspace       used 38620K, capacity 39665K, committed 39808K, reserved 1083392K
  class space    used 5036K, capacity 5428K, committed 5504K, reserved 1048576K
}
Event: 14.786 GC heap before
{Heap before GC invocations=14 (full 0):
 garbage-first heap   total 154624K, used 81471K [0x0000000704600000, 0x0000000800000000)
  region size 1024K, 60 young (61440K), 2 survivors (2048K)
 Metaspace       used 51337K, capacity 52429K, committed 52608K, reserved 1095680K
  class space    used 6733K, capacity 7170K, committed 7296K, reserved 1048576K
}
Event: 14.793 GC heap after
{Heap after GC invocations=15 (full 0):
 garbage-first heap   total 154624K, used 29235K [0x0000000704600000, 0x0000000800000000)
  region size 1024K, 8 young (8192K), 8 survivors (8192K)
 Metaspace       used 51337K, capacity 52429K, committed 52608K, reserved 1095680K
  class space    used 6733K, capacity 7170K, committed 7296K, reserved 1048576K
}
Event: 18.982 GC heap before
{Heap before GC invocations=15 (full 0):
 garbage-first heap   total 154624K, used 89651K [0x0000000704600000, 0x0000000800000000)
  region size 1024K, 67 young (68608K), 8 survivors (8192K)
 Metaspace       used 57624K, capacity 59004K, committed 59136K, reserved 1099776K
  class space    used 7564K, capacity 8119K, committed 8192K, reserved 1048576K
}
Event: 18.991 GC heap after
{Heap after GC invocations=16 (full 0):
 garbage-first heap   total 154624K, used 32800K [0x0000000704600000, 0x0000000800000000)
  region size 1024K, 4 young (4096K), 4 survivors (4096K)
 Metaspace       used 57624K, capacity 59004K, committed 59136K, reserved 1099776K
  class space    used 7564K, capacity 8119K, committed 8192K, reserved 1048576K
}
Event: 19.229 GC heap before
{Heap before GC invocations=16 (full 0):
 garbage-first heap   total 154624K, used 55328K [0x0000000704600000, 0x0000000800000000)
  region size 1024K, 27 young (27648K), 4 survivors (4096K)
 Metaspace       used 58332K, capacity 59687K, committed 59736K, reserved 1101824K
  class space    used 7648K, capacity 8192K, committed 8192K, reserved 1048576K
}
Event: 19.235 GC heap after
{Heap after GC invocations=17 (full 0):
 garbage-first heap   total 154624K, used 33585K [0x0000000704600000, 0x0000000800000000)
  region size 1024K, 5 young (5120K), 5 survivors (5120K)
 Metaspace       used 58332K, capacity 59687K, committed 59736K, reserved 1101824K
  class space    used 7648K, capacity 8192K, committed 8192K, reserved 1048576K
}
Event: 20.596 GC heap before
{Heap before GC invocations=18 (full 0):
 garbage-first heap   total 126976K, used 98097K [0x0000000704600000, 0x0000000800000000)
  region size 1024K, 68 young (69632K), 5 survivors (5120K)
 Metaspace       used 61351K, capacity 62847K, committed 63104K, reserved 1103872K
  class space    used 8157K, capacity 8754K, committed 8832K, reserved 1048576K
}
Event: 20.604 GC heap after
{Heap after GC invocations=19 (full 0):
 garbage-first heap   total 126976K, used 37419K [0x0000000704600000, 0x0000000800000000)
  region size 1024K, 8 young (8192K), 8 survivors (8192K)
 Metaspace       used 61351K, capacity 62847K, committed 63104K, reserved 1103872K
  class space    used 8157K, capacity 8754K, committed 8832K, reserved 1048576K
}

Deoptimization events (20 events):
Event: 19.982 Thread 0x00000231bfaa9800 DEOPT PACKING pc=0x00000231cfbc946c sp=0x000000bcff6fe410
Event: 19.982 Thread 0x00000231bfaa9800 DEOPT UNPACKING pc=0x00000231c7f2912f sp=0x000000bcff6fe398 mode 2
Event: 19.983 Thread 0x00000231bfaa9800 Uncommon trap: trap_request=0xffffffde fr.pc=0x00000231cfbc946c relative=0x000000000000014c
Event: 19.983 Thread 0x00000231bfaa9800 Uncommon trap: reason=class_check action=maybe_recompile pc=0x00000231cfbc946c method=java.lang.reflect.Method.equals(Ljava/lang/Object;)Z @ 5 c2
Event: 19.983 Thread 0x00000231bfaa9800 DEOPT PACKING pc=0x00000231cfbc946c sp=0x000000bcff6fe320
Event: 19.983 Thread 0x00000231bfaa9800 DEOPT UNPACKING pc=0x00000231c7f2912f sp=0x000000bcff6fe2a8 mode 2
Event: 20.586 Thread 0x00000231bfaa9800 DEOPT PACKING pc=0x00000231c8af10dc sp=0x000000bcff6ff040
Event: 20.586 Thread 0x00000231bfaa9800 DEOPT UNPACKING pc=0x00000231c7f2964e sp=0x000000bcff6fe6e0 mode 0
Event: 20.707 Thread 0x00000231bfaa9800 Uncommon trap: trap_request=0xffffff45 fr.pc=0x00000231cfc2b8b0 relative=0x00000000000058f0
Event: 20.707 Thread 0x00000231bfaa9800 Uncommon trap: reason=unstable_if action=reinterpret pc=0x00000231cfc2b8b0 method=org.springframework.core.annotation.TypeMappedAnnotations$IsPresent.doWithAnnotations(Ljava/lang/Object;ILjava/lang/Object;[Ljava/lang/annotation/Annotation;)Ljava/lang/Bool
Event: 20.708 Thread 0x00000231bfaa9800 DEOPT PACKING pc=0x00000231cfc2b8b0 sp=0x000000bcff6fe720
Event: 20.708 Thread 0x00000231bfaa9800 DEOPT UNPACKING pc=0x00000231c7f2912f sp=0x000000bcff6fe618 mode 2
Event: 20.712 Thread 0x00000231bfaa9800 Uncommon trap: trap_request=0xffffff45 fr.pc=0x00000231cfc4e20c relative=0x000000000000718c
Event: 20.712 Thread 0x00000231bfaa9800 Uncommon trap: reason=unstable_if action=reinterpret pc=0x00000231cfc4e20c method=org.springframework.core.annotation.TypeMappedAnnotations$MergedAnnotationFinder.process(Ljava/lang/Object;ILjava/lang/Object;Ljava/lang/annotation/Annotation;)Lorg/springfr
Event: 20.712 Thread 0x00000231bfaa9800 DEOPT PACKING pc=0x00000231cfc4e20c sp=0x000000bcff6fe020
Event: 20.712 Thread 0x00000231bfaa9800 DEOPT UNPACKING pc=0x00000231c7f2912f sp=0x000000bcff6fdfc8 mode 2
Event: 20.856 Thread 0x00000231bfaa9800 Uncommon trap: trap_request=0xffffff45 fr.pc=0x00000231cfb5d3c0 relative=0x00000000000047e0
Event: 20.856 Thread 0x00000231bfaa9800 Uncommon trap: reason=unstable_if action=reinterpret pc=0x00000231cfb5d3c0 method=org.springframework.beans.factory.support.AbstractBeanFactory.isTypeMatch(Ljava/lang/String;Lorg/springframework/core/ResolvableType;Z)Z @ 34 c2
Event: 20.856 Thread 0x00000231bfaa9800 DEOPT PACKING pc=0x00000231cfb5d3c0 sp=0x000000bcff6fe540
Event: 20.856 Thread 0x00000231bfaa9800 DEOPT UNPACKING pc=0x00000231c7f2912f sp=0x000000bcff6fe510 mode 2

Classes unloaded (0 events):
No events

Classes redefined (0 events):
No events

Internal exceptions (20 events):
Event: 21.052 Thread 0x00000231bfaa9800 Exception <a 'java/lang/ClassNotFoundException'{0x000000070b1a0458}: org/springframework/web/context/ServletContextAwareCustomizer> (0x000000070b1a0458) 
thrown [t:/workspace/open/src/hotspot/share/classfile/systemDictionary.cpp, line 232]
Event: 21.054 Thread 0x00000231bfaa9800 Exception <a 'java/lang/ClassNotFoundException'{0x000000070b1add40}: org/springframework/beans/factory/AwareCustomizer> (0x000000070b1add40) 
thrown [t:/workspace/open/src/hotspot/share/classfile/systemDictionary.cpp, line 232]
Event: 21.054 Thread 0x00000231bfaa9800 Exception <a 'java/lang/ClassNotFoundException'{0x000000070b1bc490}: org/springframework/context/ApplicationContextAwareCustomizer> (0x000000070b1bc490) 
thrown [t:/workspace/open/src/hotspot/share/classfile/systemDictionary.cpp, line 232]
Event: 21.055 Thread 0x00000231bfaa9800 Exception <a 'java/lang/ClassNotFoundException'{0x000000070b1ca4e8}: org/springframework/beans/factory/AwareCustomizer> (0x000000070b1ca4e8) 
thrown [t:/workspace/open/src/hotspot/share/classfile/systemDictionary.cpp, line 232]
Event: 21.062 Thread 0x00000231bfaa9800 Exception <a 'java/lang/ClassNotFoundException'{0x000000070b001a78}: java/lang/ObjectCustomizer> (0x000000070b001a78) 
thrown [t:/workspace/open/src/hotspot/share/classfile/systemDictionary.cpp, line 232]
Event: 21.063 Thread 0x00000231bfaa9800 Exception <a 'java/lang/ClassNotFoundException'{0x000000070b0148a8}: org/springframework/context/support/ApplicationObjectSupportCustomizer> (0x000000070b0148a8) 
thrown [t:/workspace/open/src/hotspot/share/classfile/systemDictionary.cpp, line 232]
Event: 21.063 Thread 0x00000231bfaa9800 Exception <a 'java/lang/ClassNotFoundException'{0x000000070b027dd8}: org/springframework/web/context/support/WebApplicationObjectSupportCustomizer> (0x000000070b027dd8) 
thrown [t:/workspace/open/src/hotspot/share/classfile/systemDictionary.cpp, line 232]
Event: 21.063 Thread 0x00000231bfaa9800 Exception <a 'java/lang/ClassNotFoundException'{0x000000070b039f08}: org/springframework/web/servlet/view/ContentNegotiatingViewResolverCustomizer> (0x000000070b039f08) 
thrown [t:/workspace/open/src/hotspot/share/classfile/systemDictionary.cpp, line 232]
Event: 21.064 Thread 0x00000231bfaa9800 Exception <a 'java/lang/ClassNotFoundException'{0x000000070b056ce8}: org/springframework/web/servlet/ViewResolverCustomizer> (0x000000070b056ce8) 
thrown [t:/workspace/open/src/hotspot/share/classfile/systemDictionary.cpp, line 232]
Event: 21.064 Thread 0x00000231bfaa9800 Exception <a 'java/lang/ClassNotFoundException'{0x000000070b063828}: org/springframework/core/OrderedCustomizer> (0x000000070b063828) 
thrown [t:/workspace/open/src/hotspot/share/classfile/systemDictionary.cpp, line 232]
Event: 21.065 Thread 0x00000231bfaa9800 Exception <a 'java/lang/ClassNotFoundException'{0x000000070b072a50}: org/springframework/beans/factory/InitializingBeanCustomizer> (0x000000070b072a50) 
thrown [t:/workspace/open/src/hotspot/share/classfile/systemDictionary.cpp, line 232]
Event: 21.065 Thread 0x00000231bfaa9800 Exception <a 'java/lang/ClassNotFoundException'{0x000000070b081cd8}: org/springframework/web/context/ServletContextAwareCustomizer> (0x000000070b081cd8) 
thrown [t:/workspace/open/src/hotspot/share/classfile/systemDictionary.cpp, line 232]
Event: 21.065 Thread 0x00000231bfaa9800 Exception <a 'java/lang/ClassNotFoundException'{0x000000070b08f5c0}: org/springframework/beans/factory/AwareCustomizer> (0x000000070b08f5c0) 
thrown [t:/workspace/open/src/hotspot/share/classfile/systemDictionary.cpp, line 232]
Event: 21.066 Thread 0x00000231bfaa9800 Exception <a 'java/lang/ClassNotFoundException'{0x000000070b09dd10}: org/springframework/context/ApplicationContextAwareCustomizer> (0x000000070b09dd10) 
thrown [t:/workspace/open/src/hotspot/share/classfile/systemDictionary.cpp, line 232]
Event: 21.066 Thread 0x00000231bfaa9800 Exception <a 'java/lang/ClassNotFoundException'{0x000000070b0abd68}: org/springframework/beans/factory/AwareCustomizer> (0x000000070b0abd68) 
thrown [t:/workspace/open/src/hotspot/share/classfile/systemDictionary.cpp, line 232]
Event: 21.068 Thread 0x00000231bfaa9800 Exception <a 'java/lang/ClassNotFoundException'{0x000000070b0bd6c8}: java/lang/ObjectCustomizer> (0x000000070b0bd6c8) 
thrown [t:/workspace/open/src/hotspot/share/classfile/systemDictionary.cpp, line 232]
Event: 21.068 Thread 0x00000231bfaa9800 Exception <a 'java/lang/ClassNotFoundException'{0x000000070b0d8388}: org/springframework/boot/autoconfigure/aop/AopAutoConfiguration$AspectJAutoProxyingConfiguration$CglibAutoProxyConfigurationCustomizer> (0x000000070b0d8388) 
thrown [t:/workspace/open/src/hotspot/share/classfile/systemDictionary.cpp, line 232]
Event: 21.069 Thread 0x00000231bfaa9800 Exception <a 'java/lang/ClassNotFoundException'{0x000000070b0dec68}: java/lang/ObjectCustomizer> (0x000000070b0dec68) 
thrown [t:/workspace/open/src/hotspot/share/classfile/systemDictionary.cpp, line 232]
Event: 21.069 Thread 0x00000231bfaa9800 Exception <a 'java/lang/ClassNotFoundException'{0x000000070b0f6108}: org/springframework/boot/autoconfigure/aop/AopAutoConfiguration$AspectJAutoProxyingConfigurationCustomizer> (0x000000070b0f6108) 
thrown [t:/workspace/open/src/hotspot/share/classfile/systemDictionary.cpp, line 232]
Event: 21.070 Thread 0x00000231bfaa9800 Exception <a 'java/lang/ClassNotFoundException'{0x000000070b0fbcb0}: java/lang/ObjectCustomizer> (0x000000070b0fbcb0) 
thrown [t:/workspace/open/src/hotspot/share/classfile/systemDictionary.cpp, line 232]

Events (20 events):
Event: 21.068 loading class org/springframework/boot/autoconfigure/aop/AopAutoConfiguration$AspectJAutoProxyingConfiguration$CglibAutoProxyConfigurationCustomizer
Event: 21.068 loading class org/springframework/boot/autoconfigure/aop/AopAutoConfiguration$AspectJAutoProxyingConfiguration$CglibAutoProxyConfigurationCustomizer done
Event: 21.069 loading class java/lang/ObjectCustomizer
Event: 21.069 loading class java/lang/ObjectCustomizer done
Event: 21.069 loading class java/lang/ObjectCustomizer
Event: 21.069 loading class java/lang/ObjectCustomizer done
Event: 21.069 loading class org/springframework/boot/autoconfigure/aop/AopAutoConfiguration$AspectJAutoProxyingConfigurationCustomizer
Event: 21.069 loading class org/springframework/boot/autoconfigure/aop/AopAutoConfiguration$AspectJAutoProxyingConfigurationCustomizer done
Event: 21.069 loading class org/springframework/boot/autoconfigure/aop/AopAutoConfiguration$AspectJAutoProxyingConfigurationCustomizer
Event: 21.069 loading class org/springframework/boot/autoconfigure/aop/AopAutoConfiguration$AspectJAutoProxyingConfigurationCustomizer done
Event: 21.069 loading class org/springframework/boot/autoconfigure/aop/AopAutoConfiguration$AspectJAutoProxyingConfigurationCustomizer
Event: 21.069 loading class org/springframework/boot/autoconfigure/aop/AopAutoConfiguration$AspectJAutoProxyingConfigurationCustomizer done
Event: 21.070 loading class java/lang/ObjectCustomizer
Event: 21.070 loading class java/lang/ObjectCustomizer done
Event: 21.070 loading class java/lang/ObjectCustomizer
Event: 21.070 loading class java/lang/ObjectCustomizer done
Event: 21.070 loading class org/springframework/boot/autoconfigure/aop/AopAutoConfigurationCustomizer
Event: 21.070 loading class org/springframework/boot/autoconfigure/aop/AopAutoConfigurationCustomizer done
Event: 21.070 loading class org/springframework/boot/autoconfigure/aop/AopAutoConfigurationCustomizer
Event: 21.070 loading class org/springframework/boot/autoconfigure/aop/AopAutoConfigurationCustomizer done


Dynamic libraries:
0x00007ff7095b0000 - 0x00007ff7095bf000 	C:\Program Files\Java\jdk-13.0.1\bin\java.exe
0x00007ffff00d0000 - 0x00007ffff02b1000 	C:\windows\SYSTEM32\ntdll.dll
0x00007fffed6b0000 - 0x00007fffed761000 	C:\windows\System32\KERNEL32.DLL
0x00007fffec6f0000 - 0x00007fffec963000 	C:\windows\System32\KERNELBASE.dll
0x00007fffec5d0000 - 0x00007fffec6c8000 	C:\windows\System32\ucrtbase.dll
0x00007fffdcd80000 - 0x00007fffdcd98000 	C:\Program Files\Java\jdk-13.0.1\bin\jli.dll
0x00007fffefa70000 - 0x00007fffefb11000 	C:\windows\System32\ADVAPI32.dll
0x00007fffed540000 - 0x00007fffed5de000 	C:\windows\System32\msvcrt.dll
0x00007fffefb80000 - 0x00007fffefbdb000 	C:\windows\System32\sechost.dll
0x00007fffef240000 - 0x00007fffef364000 	C:\windows\System32\RPCRT4.dll
0x00007fffef040000 - 0x00007fffef1d1000 	C:\windows\System32\USER32.dll
0x00007fffec6d0000 - 0x00007fffec6f0000 	C:\windows\System32\win32u.dll
0x00007fffef460000 - 0x00007fffef488000 	C:\windows\System32\GDI32.dll
0x00007fffed3a0000 - 0x00007fffed531000 	C:\windows\System32\gdi32full.dll
0x00007fffec480000 - 0x00007fffec51f000 	C:\windows\System32\msvcp_win.dll
0x00007fffeadd0000 - 0x00007fffeadda000 	C:\windows\SYSTEM32\VERSION.dll
0x00007fffc8dd0000 - 0x00007fffc9039000 	C:\windows\WinSxS\amd64_microsoft.windows.common-controls_6595b64144ccf1df_6.0.17134.1130_none_d3ff42617c90becf\COMCTL32.dll
0x00007fffed770000 - 0x00007fffeda91000 	C:\windows\System32\combase.dll
0x00007fffed2c0000 - 0x00007fffed339000 	C:\windows\System32\bcryptPrimitives.dll
0x00007fffbfa80000 - 0x00007fffbfa95000 	C:\Program Files\Java\jdk-13.0.1\bin\VCRUNTIME140.dll
0x00007fffefa30000 - 0x00007fffefa5d000 	C:\windows\System32\IMM32.DLL
0x00007fffddb50000 - 0x00007fffddbfc000 	C:\windows\system32\tmumh\20019\AddOn\7.0.0.1160\TmUmEvt64.dll
0x00007ffff0090000 - 0x00007ffff0098000 	C:\windows\System32\PSAPI.DLL
0x00007fffef1e0000 - 0x00007fffef231000 	C:\windows\System32\SHLWAPI.dll
0x0000000066fa0000 - 0x00000000670bd000 	C:\windows\system32\tmumh\20019\TmMon\2.5.0.2081\tmmon64.dll
0x00007fffec140000 - 0x00007fffec1d0000 	C:\Program Files\AppSense\Environment Manager\Agent\EmLoader.dll
0x00007fffef680000 - 0x00007fffef7d1000 	C:\windows\System32\ole32.dll
0x00007fffec0f0000 - 0x00007fffec136000 	C:\Program Files\AppSense\Application Manager\Agent\AMLdrAppInit.dll
0x00007fffeade0000 - 0x00007fffeaf32000 	C:\Program Files\AppSense\Application Manager\Agent\AMAppHook.dll
0x00007fffef490000 - 0x00007fffef4fc000 	C:\windows\System32\WS2_32.dll
0x00007fffedaa0000 - 0x00007fffeeee5000 	C:\windows\System32\SHELL32.dll
0x00007fffed080000 - 0x00007fffed0c9000 	C:\windows\System32\cfgmgr32.dll
0x00007fffed600000 - 0x00007fffed6a9000 	C:\windows\System32\shcore.dll
0x00007fffec970000 - 0x00007fffed080000 	C:\windows\System32\windows.storage.dll
0x00007fffec3f0000 - 0x00007fffec401000 	C:\windows\System32\kernel.appcore.dll
0x00007fffec3d0000 - 0x00007fffec3ef000 	C:\windows\System32\profapi.dll
0x00007fffec430000 - 0x00007fffec47c000 	C:\windows\System32\powrprof.dll
0x00007fffec3c0000 - 0x00007fffec3ca000 	C:\windows\System32\FLTLIB.DLL
0x00007fffeb260000 - 0x00007fffeb646000 	C:\windows\SYSTEM32\msi.dll
0x00007fffebe40000 - 0x00007fffebe65000 	C:\windows\SYSTEM32\bcrypt.dll
0x00007fffe9590000 - 0x00007fffe95f5000 	C:\windows\SYSTEM32\wevtapi.dll
0x00007fffaa7e0000 - 0x00007fffaa87b000 	C:\Program Files\Java\jdk-13.0.1\bin\msvcp140.dll
0x00007fff86780000 - 0x00007fff872e6000 	C:\Program Files\Java\jdk-13.0.1\bin\server\jvm.dll
0x00007fffd8380000 - 0x00007fffd8389000 	C:\windows\SYSTEM32\WSOCK32.dll
0x00007fffe7fd0000 - 0x00007fffe7ff3000 	C:\windows\SYSTEM32\WINMM.dll
0x00007fffe7e70000 - 0x00007fffe7e9a000 	C:\windows\SYSTEM32\WINMMBASE.dll
0x00007fffe7010000 - 0x00007fffe7020000 	C:\Program Files\Java\jdk-13.0.1\bin\verify.dll
0x00007fffea600000 - 0x00007fffea7c9000 	C:\windows\SYSTEM32\DBGHELP.DLL
0x00007fffd7300000 - 0x00007fffd7329000 	C:\windows\SYSTEM32\dbgcore.DLL
0x00007fffaa7b0000 - 0x00007fffaa7d6000 	C:\Program Files\Java\jdk-13.0.1\bin\java.dll
0x00007fffe6a40000 - 0x00007fffe6a4e000 	C:\Program Files\Java\jdk-13.0.1\bin\instrument.dll
0x00007fffe6a50000 - 0x00007fffe6a67000 	C:\Program Files\Java\jdk-13.0.1\bin\zip.dll
0x00007fffe7000000 - 0x00007fffe700a000 	C:\Program Files\Java\jdk-13.0.1\bin\jimage.dll
0x00007fffaa790000 - 0x00007fffaa7a9000 	C:\Program Files\Java\jdk-13.0.1\bin\net.dll
0x00007fffe29a0000 - 0x00007fffe2a7d000 	C:\windows\SYSTEM32\WINHTTP.dll
0x00007fffebb60000 - 0x00007fffebbc6000 	C:\windows\system32\mswsock.dll
0x00007fffaa770000 - 0x00007fffaa783000 	C:\Program Files\Java\jdk-13.0.1\bin\nio.dll
0x00007fffd4370000 - 0x00007fffd438a000 	C:\Program Files\JetBrains\IntelliJ IDEA Community Edition 2019.2.4\bin\breakgen64.dll
0x00007fffd83a0000 - 0x00007fffd83a9000 	C:\Program Files\Java\jdk-13.0.1\bin\management.dll
0x00007fffd4360000 - 0x00007fffd436b000 	C:\Program Files\Java\jdk-13.0.1\bin\management_ext.dll
0x00007fffc9830000 - 0x00007fffc9846000 	C:\windows\system32\napinsp.dll
0x00007fffc9850000 - 0x00007fffc986a000 	C:\windows\system32\pnrpnsp.dll
0x00007fffe6590000 - 0x00007fffe65a9000 	C:\windows\system32\NLAapi.dll
0x00007fffeb8f0000 - 0x00007fffeb9ae000 	C:\windows\SYSTEM32\DNSAPI.dll
0x00007fffefa60000 - 0x00007fffefa68000 	C:\windows\System32\NSI.dll
0x00007fffeb8b0000 - 0x00007fffeb8e8000 	C:\windows\SYSTEM32\IPHLPAPI.DLL
0x00007fffc9980000 - 0x00007fffc998e000 	C:\windows\System32\winrnr.dll
0x00007fffe64f0000 - 0x00007fffe6505000 	C:\windows\System32\wshbth.dll
0x00007fffd92b0000 - 0x00007fffd92ba000 	C:\Windows\System32\rasadhlp.dll
0x00007fffe8c80000 - 0x00007fffe8cf2000 	C:\windows\System32\fwpuclnt.dll
0x00007fffebd10000 - 0x00007fffebd27000 	C:\windows\SYSTEM32\CRYPTSP.dll
0x00007fffeb710000 - 0x00007fffeb743000 	C:\windows\system32\rsaenh.dll
0x00007fffec2c0000 - 0x00007fffec2e8000 	C:\windows\SYSTEM32\USERENV.dll
0x00007fffebd30000 - 0x00007fffebd3b000 	C:\windows\SYSTEM32\CRYPTBASE.dll
0x00007fffe8a80000 - 0x00007fffe8a96000 	C:\windows\SYSTEM32\dhcpcsvc6.DLL
0x00007fffe8a60000 - 0x00007fffe8a7a000 	C:\windows\SYSTEM32\dhcpcsvc.DLL
0x00007fffcf860000 - 0x00007fffcf86e000 	C:\Program Files\Java\jdk-13.0.1\bin\sunmscapi.dll
0x00007fffed0d0000 - 0x00007fffed2b2000 	C:\windows\System32\CRYPT32.dll
0x00007fffec410000 - 0x00007fffec422000 	C:\windows\System32\MSASN1.dll
0x00007fffebe10000 - 0x00007fffebe36000 	C:\windows\SYSTEM32\ncrypt.dll
0x00007fffebdd0000 - 0x00007fffebe06000 	C:\windows\SYSTEM32\NTASN1.dll
0x00007fffcb5e0000 - 0x00007fffcb605000 	C:\Program Files\Java\jdk-13.0.1\bin\sunec.dll

dbghelp: loaded successfully - version: 4.0.5 - missing functions: none
symbol engine: initialized successfully - sym options: 0x614 - pdb path: .;C:\Program Files\Java\jdk-13.0.1\bin;C:\windows\SYSTEM32;C:\windows\WinSxS\amd64_microsoft.windows.common-controls_6595b64144ccf1df_6.0.17134.1130_none_d3ff42617c90becf;C:\windows\system32\tmumh\20019\AddOn\7.0.0.1160;C:\windows\system32\tmumh\20019\TmMon\2.5.0.2081;C:\Program Files\AppSense\Environment Manager\Agent;C:\Program Files\AppSense\Application Manager\Agent;C:\Program Files\Java\jdk-13.0.1\bin\server;C:\Program Files\JetBrains\IntelliJ IDEA Community Edition 2019.2.4\bin

VM Arguments:
jvm_args: -javaagent:C:\Program Files\JetBrains\IntelliJ IDEA Community Edition 2019.2.4\lib\idea_rt.jar=58483:C:\Program Files\JetBrains\IntelliJ IDEA Community Edition 2019.2.4\bin -Dfile.encoding=UTF-8 
java_command: intra.poleemploi.FillingDataBaseMain
java_class_path (initial): C:\Users\ipco2530\source\repos\GuidanceBackEnd\target\classes;C:\Users\ipco2530\.m2\repository\org\springframework\boot\spring-boot-starter-data-jpa\2.2.2.RELEASE\spring-boot-starter-data-jpa-2.2.2.RELEASE.jar;C:\Users\ipco2530\.m2\repository\org\springframework\boot\spring-boot-starter-aop\2.2.2.RELEASE\spring-boot-starter-aop-2.2.2.RELEASE.jar;C:\Users\ipco2530\.m2\repository\org\aspectj\aspectjweaver\1.9.5\aspectjweaver-1.9.5.jar;C:\Users\ipco2530\.m2\repository\org\springframework\boot\spring-boot-starter-jdbc\2.2.2.RELEASE\spring-boot-starter-jdbc-2.2.2.RELEASE.jar;C:\Users\ipco2530\.m2\repository\com\zaxxer\HikariCP\3.4.1\HikariCP-3.4.1.jar;C:\Users\ipco2530\.m2\repository\org\springframework\spring-jdbc\5.2.2.RELEASE\spring-jdbc-5.2.2.RELEASE.jar;C:\Users\ipco2530\.m2\repository\jakarta\activation\jakarta.activation-api\1.2.1\jakarta.activation-api-1.2.1.jar;C:\Users\ipco2530\.m2\repository\jakarta\persistence\jakarta.persistence-api\2.2.3\jakarta.persistence-api-2.2.3.jar;C:\Users\ipco2530\.m2\repository\jakarta\transaction\jakarta.transaction-api\1.3.3\jakarta.transaction-api-1.3.3.jar;C:\Users\ipco2530\.m2\repository\org\hibernate\hibernate-core\5.4.9.Final\hibernate-core-5.4.9.Final.jar;C:\Users\ipco2530\.m2\repository\org\jboss\logging\jboss-logging\3.4.1.Final\jboss-logging-3.4.1.Final.jar;C:\Users\ipco2530\.m2\repository\org\javassist\javassist\3.24.0-GA\javassist-3.24.0-GA.jar;C:\Users\ipco2530\.m2\repository\net\bytebuddy\byte-buddy\1.10.4\byte-buddy-1.10.4.jar;C:\Users\ipco2530\.m2\repository\antlr\antlr\2.7.7\antlr-2.7.7.jar;C:\Users\ipco2530\.m2\repository\org\jboss\jandex\2.1.1.Final\jandex-2.1.1.Final.jar;C:\Users\ipco2530\.m2\repository\com\fasterxml\classmate\1.5.1\classmate-1.5.1.jar;C:\Users\ipco2530\.m2\repository\org\dom4j\dom4j\2.1.1\dom4j-2.1.1.jar;C:\Users\ipco2530\.m2\repository\org\hibernate\common\hibernate-commons-annotations\5.1.0.Final\hibernate-commons-annotations-5.1.0.Final.jar;C:\Users\ipco2530\.m2
Launcher Type: SUN_STANDARD

[Global flags]
     intx CICompilerCount                          = 4                                         {product} {ergonomic}
     uint ConcGCThreads                            = 2                                         {product} {ergonomic}
     uint G1ConcRefinementThreads                  = 8                                         {product} {ergonomic}
   size_t G1HeapRegionSize                         = 1048576                                   {product} {ergonomic}
    uintx GCDrainStackTargetSize                   = 64                                        {product} {ergonomic}
   size_t InitialHeapSize                          = 264241152                                 {product} {ergonomic}
   size_t MarkStackSize                            = 4194304                                   {product} {ergonomic}
   size_t MaxHeapSize                              = 4221566976                                {product} {ergonomic}
   size_t MaxNewSize                               = 2532311040                                {product} {ergonomic}
   size_t MinHeapDeltaBytes                        = 1048576                                   {product} {ergonomic}
   size_t MinHeapSize                              = 8388608                                   {product} {ergonomic}
    uintx NonNMethodCodeHeapSize                   = 5836300                                {pd product} {ergonomic}
    uintx NonProfiledCodeHeapSize                  = 122910970                              {pd product} {ergonomic}
    uintx ProfiledCodeHeapSize                     = 122910970                              {pd product} {ergonomic}
    uintx ReservedCodeCacheSize                    = 251658240                              {pd product} {ergonomic}
     bool SegmentedCodeCache                       = true                                      {product} {ergonomic}
   size_t SoftMaxHeapSize                          = 4221566976                             {manageable} {ergonomic}
     bool UseCompressedClassPointers               = true                                 {lp64_product} {ergonomic}
     bool UseCompressedOops                        = true                                 {lp64_product} {ergonomic}
     bool UseG1GC                                  = true                                      {product} {ergonomic}
     bool UseLargePagesIndividualAllocation        = false                                  {pd product} {ergonomic}

Logging:
Log output configuration:
 #0: stdout all=warning uptime,level,tags
 #1: stderr all=off uptime,level,tags

Environment Variables:
JAVA_HOME=C:\Program Files\java\jre1.8.0_231
PATH=C:\ProgramData\Oracle\Java\javapath;C:\windows\system32;C:\windows;C:\windows\System32\Wbem;C:\windows\System32\WindowsPowerShell\v1.0\;C:\windows\System32\OpenSSH\;C:\Program Files (x86)\Novell\ZENworks\bin;C:\Program Files (x86)\Internet Explorer;C:\Program Files (x86)\Mozilla Firefox;C:\Program Files (x86)\Google\Chrome\Application;C:\Program Files\Intel\WiFi\bin\;C:\Program Files\Common Files\Intel\WirelessCommon\;C:\Program Files\Novell\iPrint;C:\Program Files\Microsoft SQL Server\130\Tools\Binn\;C:\Program Files\Microsoft SQL Server\Client SDK\ODBC\170\Tools\Binn\;C:\Users\ipco2530\AppData\Local\Microsoft\WindowsApps;C:\Users\ipco2530\AppData\Local\Programs\Microsoft VS Code\bin;C:\Program Files\java\jdk-13.0.1\bin;C:\Program Files\JetBrains\IntelliJ IDEA Community Edition 2019.2.4\bin;C:\Users\ipco2530\AppData\Roaming\npm;C:\Program Files\Git\bin;C:\Program Files\java\jdk-13.0.1;C:\Program Files\nodejs;C:\Program Files\MySQL\MySQL Shell 8.0\bin\;C:\Users\ipco2530\AppData\Local\Programs\Microsoft VS Code\bin
USERNAME=ipco2530
OS=Windows_NT
PROCESSOR_IDENTIFIER=Intel64 Family 6 Model 142 Stepping 12, GenuineIntel



---------------  S Y S T E M  ---------------

OS: Windows 10 , 64 bit Build 17134 (10.0.17134.753)

CPU:total 8 (initial active 8) (4 cores per cpu, 2 threads per core) family 6 model 142 stepping 12, cmov, cx8, fxsr, mmx, sse, sse2, sse3, ssse3, sse4.1, sse4.2, popcnt, avx, avx2, aes, clmul, erms, 3dnowpref, lzcnt, ht, tsc, tscinvbit, bmi1, bmi2, adx, fma

Memory: 4k page, system-wide physical 16100M (309M free)
TotalPageFile size 46241M (AvailPageFile size 41M)
current process WorkingSet (physical memory assigned to process): 306M, peak: 306M
current process commit charge ("private bytes"): 353M, peak: 397M

vm_info: Java HotSpot(TM) 64-Bit Server VM (13.0.1+9) for windows-amd64 JRE (13.0.1+9), built on Oct  6 2019 12:37:49 by "mach5one" with unknown MS VC++:1916

END.
